<?xml version="1.0" encoding="UTF-8"?>
<!-- Generated by org.testng.reporters.JUnitXMLReporter -->
<testsuite ignored="2" hostname="Lenovo" failures="0" tests="1" name="Default test" time="35.409" errors="0" timestamp="2022-06-24T16:22:15 IST">
  <testcase classname="job_failure_package.Job_Failure_Add_Page" name="existing_application_name" time="11.771"/>
  <testcase classname="job_failure_package.Job_Failure_Add_Page" name="Handler_payload_format_check" time="0.0">
    <ignored/>
  </testcase> <!-- Handler_payload_format_check -->
  <testcase classname="job_failure_package.Job_Failure_Add_Page" name="Enter_valid_details" time="0.0">
    <ignored/>
  </testcase> <!-- Enter_valid_details -->
</testsuite> <!-- Default test -->
