<?xml version="1.0" encoding="UTF-8"?>
<testng-results ignored="0" total="1" passed="1" failed="0" skipped="0">
  <reporter-output>
  </reporter-output>
  <suite started-at="2022-06-02T19:22:19 IST" name="Suite" finished-at="2022-06-02T19:22:21 IST" duration-ms="1873">
    <groups>
    </groups>
    <test started-at="2022-06-02T19:22:19 IST" name="Test" finished-at="2022-06-02T19:22:21 IST" duration-ms="1873">
      <class name="job_failure_package.Example">
        <test-method signature="verifysum()[pri:0, instance:job_failure_package.Example@3b2cf7ab]" started-at="2022-06-02T19:22:19 IST" name="verifysum" finished-at="2022-06-02T19:22:21 IST" duration-ms="1722" status="PASS">
          <reporter-output>
          </reporter-output>
        </test-method> <!-- verifysum -->
      </class> <!-- job_failure_package.Example -->
    </test> <!-- Test -->
  </suite> <!-- Suite -->
</testng-results>
